<?xml version="1.0" encoding="UTF-8"?>
<!-- Generated by org.testng.reporters.JUnitReportReporter -->
<testsuite hostname="Chitra" failures="0" tests="5" name="TestCases.RunnerForLogin" time="70.641" errors="0" timestamp="2023-03-02T04:35:52 CST" skipped="0">
  <testcase classname="TestCases.RunnerForLogin" name="runScenario" time="10.870"/>
  <system-out/>
  <testcase classname="TestCases.RunnerForLogin" name="runScenario" time="12.546"/>
  <system-out/>
  <testcase classname="TestCases.RunnerForLogin" name="runScenario" time="14.450"/>
  <system-out/>
  <testcase classname="TestCases.RunnerForLogin" name="runScenario" time="20.218"/>
  <system-out/>
  <testcase classname="TestCases.RunnerForLogin" name="runScenario" time="12.557"/>
  <system-out/>
</testsuite> <!-- TestCases.RunnerForLogin -->
